This file contains any messages produced by compilers while
running configure, to aid debugging if configure makes a mistake.

configure:527: checking how to run the C preprocessor
configure:637: checking for a BSD compatible install
configure:690: checking whether ln -s works
configure:711: checking whether make sets ${MAKE}
configure:740: checking for ranlib
configure:771: checking for pod2man
configure:812: checking for tmake
configure:853: checking for convert
configure:892: checking for main in -lGL
configure:930: checking for main in -lGLU
configure:968: checking for main in -lX11
configure:1011: checking for main in -lXext
configure:1054: checking for main in -lXt
configure:1097: checking for main in -lXmu
configure:1135: checking for main in -lm
configure:1176: checking for Qt library in /usr/lib
configure:1184: checking for main in -lz
configure:1227: checking for main in -lpng
configure:1271: checking for ANSI C header files
configure:1376: checking for working const
